[debug] [2020-10-13T06:49:45.753Z] ----------------------------------------------------------------------
[debug] [2020-10-13T06:49:45.754Z] Command:       C:\Program Files\nodejs\node.exe C:\Users\macma\AppData\Roaming\npm\node_modules\firebase-tools\lib\bin\firebase.js serve
[debug] [2020-10-13T06:49:45.755Z] CLI Version:   8.12.1
[debug] [2020-10-13T06:49:45.755Z] Platform:      win32
[debug] [2020-10-13T06:49:45.755Z] Node Version:  v14.5.0
[debug] [2020-10-13T06:49:45.756Z] Time:          Tue Oct 13 2020 08:49:45 GMT+0200 (South Africa Standard Time)
[debug] [2020-10-13T06:49:45.756Z] ----------------------------------------------------------------------
[debug] [2020-10-13T06:49:45.756Z] 
[debug] [2020-10-13T06:49:45.762Z] > command requires scopes: ["email","openid","https://www.googleapis.com/auth/cloudplatformprojects.readonly","https://www.googleapis.com/auth/firebase","https://www.googleapis.com/auth/cloud-platform"]
[debug] [2020-10-13T06:49:45.762Z] > authorizing via signed-in user
[debug] [2020-10-13T06:49:45.762Z] [iam] checking project credit-score-app-mcn95 for permissions ["firebase.projects.get"]
[debug] [2020-10-13T06:49:45.765Z] >>> HTTP REQUEST POST https://cloudresourcemanager.googleapis.com/v1/projects/credit-score-app-mcn95:testIamPermissions  
 {"permissions":["firebase.projects.get"]}
[debug] [2020-10-13T06:49:48.056Z] <<< HTTP RESPONSE 200 {"content-type":"application/json; charset=UTF-8","vary":"X-Origin, Referer, Origin,Accept-Encoding","date":"Tue, 13 Oct 2020 06:49:47 GMT","server":"ESF","cache-control":"private","x-xss-protection":"0","x-frame-options":"SAMEORIGIN","x-content-type-options":"nosniff","server-timing":"gfet4t7; dur=1534","alt-svc":"h3-Q050=\":443\"; ma=2592000,h3-29=\":443\"; ma=2592000,h3-27=\":443\"; ma=2592000,h3-T051=\":443\"; ma=2592000,h3-T050=\":443\"; ma=2592000,h3-Q046=\":443\"; ma=2592000,h3-Q043=\":443\"; ma=2592000,quic=\":443\"; ma=2592000; v=\"46,43\"","accept-ranges":"none","transfer-encoding":"chunked"}
[debug] [2020-10-13T06:49:48.057Z] >>> HTTP REQUEST GET https://firebase.googleapis.com/v1beta1/projects/credit-score-app-mcn95  
 
[debug] [2020-10-13T06:49:49.074Z] <<< HTTP RESPONSE 200 {"content-type":"application/json; charset=UTF-8","vary":"X-Origin, Referer, Origin,Accept-Encoding","date":"Tue, 13 Oct 2020 06:49:48 GMT","server":"ESF","cache-control":"private","x-xss-protection":"0","x-frame-options":"SAMEORIGIN","x-content-type-options":"nosniff","alt-svc":"h3-Q050=\":443\"; ma=2592000,h3-29=\":443\"; ma=2592000,h3-27=\":443\"; ma=2592000,h3-T051=\":443\"; ma=2592000,h3-T050=\":443\"; ma=2592000,h3-Q046=\":443\"; ma=2592000,h3-Q043=\":443\"; ma=2592000,quic=\":443\"; ma=2592000; v=\"46,43\"","accept-ranges":"none","transfer-encoding":"chunked"}
[info] 
[info] === Serving from 'C:\Users\macma\OneDrive\Desktop\credit-score'...
[info] 
[debug] [2020-10-13T06:49:49.078Z] >>> HTTP REQUEST GET https://firebase.googleapis.com/v1beta1/projects/credit-score-app-mcn95/webApps/-/config  
 
[debug] [2020-10-13T06:49:50.658Z] <<< HTTP RESPONSE 200 {"content-type":"application/json; charset=UTF-8","vary":"X-Origin, Referer, Origin,Accept-Encoding","date":"Tue, 13 Oct 2020 06:49:50 GMT","server":"ESF","cache-control":"private","x-xss-protection":"0","x-frame-options":"SAMEORIGIN","x-content-type-options":"nosniff","alt-svc":"h3-Q050=\":443\"; ma=2592000,h3-29=\":443\"; ma=2592000,h3-27=\":443\"; ma=2592000,h3-T051=\":443\"; ma=2592000,h3-T050=\":443\"; ma=2592000,h3-Q046=\":443\"; ma=2592000,h3-Q043=\":443\"; ma=2592000,quic=\":443\"; ma=2592000; v=\"46,43\"","accept-ranges":"none","transfer-encoding":"chunked"}
[info] i  hosting: Serving hosting files from: public {"metadata":{"emulator":{"name":"hosting"},"message":"Serving hosting files from: \u001b[1mpublic\u001b[22m"}}
[info] +  hosting: Local server: http://localhost:5000 {"metadata":{"emulator":{"name":"hosting"},"message":"Local server: \u001b[4m\u001b[1mhttp://localhost:5000\u001b[22m\u001b[24m"}}
[warn] !  Your requested "node" version "8" doesn't match your global version "14" {"metadata":{"emulator":{"name":"functions"},"message":"Your requested \"node\" version \"8\" doesn't match your global version \"14\""}}
[debug] [2020-10-13T06:49:51.125Z] defaultcredentials: writing to file C:\Users\macma\AppData\Roaming\firebase\mathews_chiza_gmail.com_application_default_credentials.json
[debug] [2020-10-13T06:49:51.126Z] Setting GAC to C:\Users\macma\AppData\Roaming\firebase\mathews_chiza_gmail.com_application_default_credentials.json {"metadata":{"emulator":{"name":"functions"},"message":"Setting GAC to C:\\Users\\macma\\AppData\\Roaming\\firebase\\mathews_chiza_gmail.com_application_default_credentials.json"}}
[info] i  functions: Watching "C:\Users\macma\OneDrive\Desktop\credit-score\functions" for Cloud Functions... {"metadata":{"emulator":{"name":"functions"},"message":"Watching \"C:\\Users\\macma\\OneDrive\\Desktop\\credit-score\\functions\" for Cloud Functions..."}}
[debug] [2020-10-13T06:49:51.143Z] [worker-pool] addWorker(~diagnostic~) {"metadata":{"emulator":{"name":"functions"},"message":"[worker-pool] addWorker(~diagnostic~)"}}
[debug] [2020-10-13T06:49:51.143Z] [worker-pool] Adding worker with key ~diagnostic~, total=1 {"metadata":{"emulator":{"name":"functions"},"message":"[worker-pool] Adding worker with key ~diagnostic~, total=1"}}
[debug] [2020-10-13T06:49:51.144Z] [worker-pool] submitWork(triggerId=) {"metadata":{"emulator":{"name":"functions"},"message":"[worker-pool] submitWork(triggerId=)"}}
[debug] [2020-10-13T06:49:51.144Z] [worker-~diagnostic~-f8746dfd-9d3b-4cc0-b8bd-3c5770cf0037]: Assigning socketPath: \\?\pipe\C:\Users\macma\OneDrive\Desktop\credit-score\functions\12356 {"metadata":{"emulator":{"name":"functions"},"message":"[worker-~diagnostic~-f8746dfd-9d3b-4cc0-b8bd-3c5770cf0037]: Assigning socketPath: \\\\?\\pipe\\C:\\Users\\macma\\OneDrive\\Desktop\\credit-score\\functions\\12356"}}
[debug] [2020-10-13T06:49:51.144Z] [worker-~diagnostic~-f8746dfd-9d3b-4cc0-b8bd-3c5770cf0037]: BUSY {"metadata":{"emulator":{"name":"functions"},"message":"[worker-~diagnostic~-f8746dfd-9d3b-4cc0-b8bd-3c5770cf0037]: BUSY"}}
[debug] [2020-10-13T06:49:51.487Z] [runtime-status] [12356] Functions runtime initialized. {"cwd":"C:\\Users\\macma\\OneDrive\\Desktop\\credit-score\\functions","node_version":"14.5.0"} {"metadata":{"emulator":{"name":"functions"},"message":"[runtime-status] [12356] Functions runtime initialized. {\"cwd\":\"C:\\\\Users\\\\macma\\\\OneDrive\\\\Desktop\\\\credit-score\\\\functions\",\"node_version\":\"14.5.0\"}"}}
[debug] [2020-10-13T06:49:51.488Z] [runtime-status] [12356] Disabled runtime features: undefined {"metadata":{"emulator":{"name":"functions"},"message":"[runtime-status] [12356] Disabled runtime features: undefined"}}
[debug] [2020-10-13T06:49:51.492Z] [runtime-status] [12356] Resolved module firebase-admin {"declared":true,"installed":true,"version":"8.13.0","resolution":"C:\\Users\\macma\\OneDrive\\Desktop\\credit-score\\functions\\node_modules\\firebase-admin\\lib\\index.js"} {"metadata":{"emulator":{"name":"functions"},"message":"[runtime-status] [12356] Resolved module firebase-admin {\"declared\":true,\"installed\":true,\"version\":\"8.13.0\",\"resolution\":\"C:\\\\Users\\\\macma\\\\OneDrive\\\\Desktop\\\\credit-score\\\\functions\\\\node_modules\\\\firebase-admin\\\\lib\\\\index.js\"}"}}
[debug] [2020-10-13T06:49:51.493Z] [runtime-status] [12356] Resolved module firebase-functions {"declared":true,"installed":true,"version":"3.11.0","resolution":"C:\\Users\\macma\\OneDrive\\Desktop\\credit-score\\functions\\node_modules\\firebase-functions\\lib\\index.js"} {"metadata":{"emulator":{"name":"functions"},"message":"[runtime-status] [12356] Resolved module firebase-functions {\"declared\":true,\"installed\":true,\"version\":\"3.11.0\",\"resolution\":\"C:\\\\Users\\\\macma\\\\OneDrive\\\\Desktop\\\\credit-score\\\\functions\\\\node_modules\\\\firebase-functions\\\\lib\\\\index.js\"}"}}
[debug] [2020-10-13T06:49:51.494Z] [runtime-status] [12356] Resolved module firebase-functions {"declared":true,"installed":true,"version":"3.11.0","resolution":"C:\\Users\\macma\\OneDrive\\Desktop\\credit-score\\functions\\node_modules\\firebase-functions\\lib\\index.js"} {"metadata":{"emulator":{"name":"functions"},"message":"[runtime-status] [12356] Resolved module firebase-functions {\"declared\":true,\"installed\":true,\"version\":\"3.11.0\",\"resolution\":\"C:\\\\Users\\\\macma\\\\OneDrive\\\\Desktop\\\\credit-score\\\\functions\\\\node_modules\\\\firebase-functions\\\\lib\\\\index.js\"}"}}
[debug] [2020-10-13T06:49:51.496Z] [runtime-status] [12356] Outgoing network have been stubbed. [{"name":"http","status":"mocked"},{"name":"http","status":"mocked"},{"name":"https","status":"mocked"},{"name":"https","status":"mocked"},{"name":"net","status":"mocked"}] {"metadata":{"emulator":{"name":"functions"},"message":"[runtime-status] [12356] Outgoing network have been stubbed. [{\"name\":\"http\",\"status\":\"mocked\"},{\"name\":\"http\",\"status\":\"mocked\"},{\"name\":\"https\",\"status\":\"mocked\"},{\"name\":\"https\",\"status\":\"mocked\"},{\"name\":\"net\",\"status\":\"mocked\"}]"}}
[debug] [2020-10-13T06:49:51.497Z] [runtime-status] [12356] Resolved module firebase-functions {"declared":true,"installed":true,"version":"3.11.0","resolution":"C:\\Users\\macma\\OneDrive\\Desktop\\credit-score\\functions\\node_modules\\firebase-functions\\lib\\index.js"} {"metadata":{"emulator":{"name":"functions"},"message":"[runtime-status] [12356] Resolved module firebase-functions {\"declared\":true,\"installed\":true,\"version\":\"3.11.0\",\"resolution\":\"C:\\\\Users\\\\macma\\\\OneDrive\\\\Desktop\\\\credit-score\\\\functions\\\\node_modules\\\\firebase-functions\\\\lib\\\\index.js\"}"}}
[debug] [2020-10-13T06:49:51.540Z] [runtime-status] [12356] Checked functions.config() {"config":{}} {"metadata":{"emulator":{"name":"functions"},"message":"[runtime-status] [12356] Checked functions.config() {\"config\":{}}"}}
[debug] [2020-10-13T06:49:51.541Z] [runtime-status] [12356] firebase-functions has been stubbed. {"functionsResolution":{"declared":true,"installed":true,"version":"3.11.0","resolution":"C:\\Users\\macma\\OneDrive\\Desktop\\credit-score\\functions\\node_modules\\firebase-functions\\lib\\index.js"}} {"metadata":{"emulator":{"name":"functions"},"message":"[runtime-status] [12356] firebase-functions has been stubbed. {\"functionsResolution\":{\"declared\":true,\"installed\":true,\"version\":\"3.11.0\",\"resolution\":\"C:\\\\Users\\\\macma\\\\OneDrive\\\\Desktop\\\\credit-score\\\\functions\\\\node_modules\\\\firebase-functions\\\\lib\\\\index.js\"}}"}}
[debug] [2020-10-13T06:49:51.541Z] [runtime-status] [12356] Resolved module firebase-functions {"declared":true,"installed":true,"version":"3.11.0","resolution":"C:\\Users\\macma\\OneDrive\\Desktop\\credit-score\\functions\\node_modules\\firebase-functions\\lib\\index.js"} {"metadata":{"emulator":{"name":"functions"},"message":"[runtime-status] [12356] Resolved module firebase-functions {\"declared\":true,\"installed\":true,\"version\":\"3.11.0\",\"resolution\":\"C:\\\\Users\\\\macma\\\\OneDrive\\\\Desktop\\\\credit-score\\\\functions\\\\node_modules\\\\firebase-functions\\\\lib\\\\index.js\"}"}}
[debug] [2020-10-13T06:49:51.542Z] [runtime-status] [12356] Resolved module firebase-admin {"declared":true,"installed":true,"version":"8.13.0","resolution":"C:\\Users\\macma\\OneDrive\\Desktop\\credit-score\\functions\\node_modules\\firebase-admin\\lib\\index.js"} {"metadata":{"emulator":{"name":"functions"},"message":"[runtime-status] [12356] Resolved module firebase-admin {\"declared\":true,\"installed\":true,\"version\":\"8.13.0\",\"resolution\":\"C:\\\\Users\\\\macma\\\\OneDrive\\\\Desktop\\\\credit-score\\\\functions\\\\node_modules\\\\firebase-admin\\\\lib\\\\index.js\"}"}}
[debug] [2020-10-13T06:49:51.543Z] [runtime-status] [12356] Resolved module firebase-functions {"declared":true,"installed":true,"version":"3.11.0","resolution":"C:\\Users\\macma\\OneDrive\\Desktop\\credit-score\\functions\\node_modules\\firebase-functions\\lib\\index.js"} {"metadata":{"emulator":{"name":"functions"},"message":"[runtime-status] [12356] Resolved module firebase-functions {\"declared\":true,\"installed\":true,\"version\":\"3.11.0\",\"resolution\":\"C:\\\\Users\\\\macma\\\\OneDrive\\\\Desktop\\\\credit-score\\\\functions\\\\node_modules\\\\firebase-functions\\\\lib\\\\index.js\"}"}}
[debug] [2020-10-13T06:49:51.543Z] [runtime-status] [12356] firebase-admin has been stubbed. {"adminResolution":{"declared":true,"installed":true,"version":"8.13.0","resolution":"C:\\Users\\macma\\OneDrive\\Desktop\\credit-score\\functions\\node_modules\\firebase-admin\\lib\\index.js"}} {"metadata":{"emulator":{"name":"functions"},"message":"[runtime-status] [12356] firebase-admin has been stubbed. {\"adminResolution\":{\"declared\":true,\"installed\":true,\"version\":\"8.13.0\",\"resolution\":\"C:\\\\Users\\\\macma\\\\OneDrive\\\\Desktop\\\\credit-score\\\\functions\\\\node_modules\\\\firebase-admin\\\\lib\\\\index.js\"}}"}}
[debug] [2020-10-13T06:49:51.689Z] [runtime-status] [12356] initializeApp(DEFAULT) {"databaseURL":"https://credit-score-app-mcn95.firebaseio.com","storageBucket":"credit-score-app-mcn95.appspot.com","projectId":"credit-score-app-mcn95"} {"metadata":{"emulator":{"name":"functions"},"message":"[runtime-status] [12356] initializeApp(DEFAULT) {\"databaseURL\":\"https://credit-score-app-mcn95.firebaseio.com\",\"storageBucket\":\"credit-score-app-mcn95.appspot.com\",\"projectId\":\"credit-score-app-mcn95\"}"}}
[warn] !  functions: The Cloud Firestore emulator is not running, so calls to Firestore will affect production. {"metadata":{"emulator":{"name":"functions"},"message":"The Cloud Firestore emulator is not running, so calls to Firestore will affect production."}}
[warn] !  Error: Cannot find module 'firebase'
Require stack:
- C:\Users\macma\OneDrive\Desktop\credit-score\functions\APIs\users.js
- C:\Users\macma\OneDrive\Desktop\credit-score\functions\index.js
- C:\Users\macma\AppData\Roaming\npm\node_modules\firebase-tools\lib\emulator\functionsEmulatorRuntime.js
    at Function.Module._resolveFilename (internal/modules/cjs/loader.js:1030:15)
    at Function.Module._load (internal/modules/cjs/loader.js:899:27)
    at Module.require (internal/modules/cjs/loader.js:1090:19)
    at require (internal/modules/cjs/helpers.js:75:18)
    at Object.<anonymous> (C:\Users\macma\OneDrive\Desktop\credit-score\functions\APIs\users.js:3:18)
    at Module._compile (internal/modules/cjs/loader.js:1201:30)
    at Object.Module._extensions..js (internal/modules/cjs/loader.js:1221:10)
    at Module.load (internal/modules/cjs/loader.js:1050:32)
    at Function.Module._load (internal/modules/cjs/loader.js:938:14)
    at Module.require (internal/modules/cjs/loader.js:1090:19) {"metadata":{"emulator":{"name":"functions"},"message":"Error: Cannot find module 'firebase'\nRequire stack:\n- C:\\Users\\macma\\OneDrive\\Desktop\\credit-score\\functions\\APIs\\users.js\n- C:\\Users\\macma\\OneDrive\\Desktop\\credit-score\\functions\\index.js\n- C:\\Users\\macma\\AppData\\Roaming\\npm\\node_modules\\firebase-tools\\lib\\emulator\\functionsEmulatorRuntime.js\n    at Function.Module._resolveFilename (internal/modules/cjs/loader.js:1030:15)\n    at Function.Module._load (internal/modules/cjs/loader.js:899:27)\n    at Module.require (internal/modules/cjs/loader.js:1090:19)\n    at require (internal/modules/cjs/helpers.js:75:18)\n    at Object.<anonymous> (C:\\Users\\macma\\OneDrive\\Desktop\\credit-score\\functions\\APIs\\users.js:3:18)\n    at Module._compile (internal/modules/cjs/loader.js:1201:30)\n    at Object.Module._extensions..js (internal/modules/cjs/loader.js:1221:10)\n    at Module.load (internal/modules/cjs/loader.js:1050:32)\n    at Function.Module._load (internal/modules/cjs/loader.js:938:14)\n    at Module.require (internal/modules/cjs/loader.js:1090:19)"}}
[warn] !  We were unable to load your functions code. (see above) {"metadata":{"emulator":{"name":"functions"}}}
[debug] [2020-10-13T06:49:51.984Z] [worker-~diagnostic~-f8746dfd-9d3b-4cc0-b8bd-3c5770cf0037]: exited {"metadata":{"emulator":{"name":"functions"},"message":"[worker-~diagnostic~-f8746dfd-9d3b-4cc0-b8bd-3c5770cf0037]: exited"}}
[debug] [2020-10-13T06:49:51.985Z] [worker-~diagnostic~-f8746dfd-9d3b-4cc0-b8bd-3c5770cf0037]: FINISHED {"metadata":{"emulator":{"name":"functions"},"message":"[worker-~diagnostic~-f8746dfd-9d3b-4cc0-b8bd-3c5770cf0037]: FINISHED"}}
